<?xml version="1.0" encoding="UTF-8"?>
<!-- Generated by org.testng.reporters.JUnitReportReporter -->
<testsuite skipped="0" hostname="Amar" name="com.Vtiger.TCs.TC_06_CreateContact_VerifyTest" tests="1" failures="0" timestamp="2022-07-25T11:57:17 IST" time="53.095" errors="0">
  <testcase name="createcontactTest" time="53.095" classname="com.Vtiger.TCs.TC_06_CreateContact_VerifyTest"/>
  <system-out/>
</testsuite> <!-- com.Vtiger.TCs.TC_06_CreateContact_VerifyTest -->
