<?xml version="1.0" encoding="UTF-8"?>
<!-- Generated by org.testng.reporters.JUnitReportReporter -->
<testsuite hostname="DESKTOP-3BU923C" failures="0" tests="1" name="JDBC.practice.ExecuteUpdateTest" time="0.292" errors="0" timestamp="2022-06-27T15:31:23 IST" skipped="0">
  <testcase classname="JDBC.practice.ExecuteUpdateTest" name="executeUpdateTest" time="0.292"/>
  <system-out/>
</testsuite> <!-- JDBC.practice.ExecuteUpdateTest -->
