<?xml version="1.0" encoding="UTF-8"?>
<!-- Generated by org.testng.reporters.JUnitReportReporter -->
<testsuite hostname="DESKTOP-3BU923C" failures="0" tests="1" name="JDBC.practice.ExecutequeryTest" time="0.237" errors="0" timestamp="2022-06-27T13:31:15 IST" skipped="0">
  <testcase classname="JDBC.practice.ExecutequeryTest" name="ExecutequryTest" time="0.237"/>
  <system-out/>
</testsuite> <!-- JDBC.practice.ExecutequeryTest -->
