<?xml version="1.0" encoding="UTF-8"?>
<!-- Generated by org.testng.reporters.JUnitReportReporter -->
<testsuite skipped="0" hostname="Amar" name="com.Vtiger.TCs.TC_01_CreateOrganizationTest" tests="1" failures="0" timestamp="2022-07-26T13:58:57 IST" time="46.588" errors="0">
  <testcase name="createOrg" time="46.588" classname="com.Vtiger.TCs.TC_01_CreateOrganizationTest"/>
  <system-out/>
</testsuite> <!-- com.Vtiger.TCs.TC_01_CreateOrganizationTest -->
