<?xml version="1.0" encoding="UTF-8"?>
<!-- Generated by org.testng.reporters.JUnitReportReporter -->
<testsuite skipped="0" hostname="Amar" name="com.Vtiger.TCs.TC_04_Select_All_CheckBoxTest" tests="1" failures="0" timestamp="2022-07-25T11:57:18 IST" time="39.890" errors="0">
  <testcase name="selectallTest" time="39.890" classname="com.Vtiger.TCs.TC_04_Select_All_CheckBoxTest"/>
  <system-out/>
</testsuite> <!-- com.Vtiger.TCs.TC_04_Select_All_CheckBoxTest -->
