<?xml version="1.0" encoding="UTF-8"?>
<!-- Generated by org.testng.reporters.JUnitReportReporter -->
<testsuite skipped="0" hostname="Amar" name="com.Vtiger.TCs.TC_03_CreateOrganization_DeleteTest" tests="1" failures="0" timestamp="2022-07-26T13:58:57 IST" time="66.887" errors="0">
  <testcase name="Endtoend" time="66.887" classname="com.Vtiger.TCs.TC_03_CreateOrganization_DeleteTest"/>
  <system-out/>
</testsuite> <!-- com.Vtiger.TCs.TC_03_CreateOrganization_DeleteTest -->
