<?xml version="1.0" encoding="UTF-8"?>
<!-- Generated by org.testng.reporters.JUnitReportReporter -->
<testsuite skipped="0" hostname="Amar" name="com.Pac.SrcTest" tests="1" failures="0" timestamp="28 Jul 2022 10:10:26 GMT" time="0.032" errors="0">
  <testcase name="run" time="0.032" classname="com.Pac.SrcTest"/>
</testsuite> <!-- com.Pac.SrcTest -->
