<?xml version="1.0" encoding="UTF-8"?>
<!-- Generated by org.testng.reporters.JUnitReportReporter -->
<testsuite skipped="0" hostname="Amar" name="com.Vtiger.TCs.TC_02_CreateOrganization_verifyTest" tests="1" failures="0" timestamp="2022-07-25T12:39:55 IST" time="45.521" errors="0">
  <testcase name="createOrganization" time="45.521" classname="com.Vtiger.TCs.TC_02_CreateOrganization_verifyTest"/>
  <system-out/>
</testsuite> <!-- com.Vtiger.TCs.TC_02_CreateOrganization_verifyTest -->
