<?xml version="1.0" encoding="UTF-8"?>
<!-- Generated by org.testng.reporters.JUnitReportReporter -->
<testsuite skipped="0" hostname="Amar" name="com.Vtiger.timeepass" tests="1" failures="0" timestamp="2022-07-25T10:46:47 IST" time="0.026" errors="0">
  <testcase name="tt" time="0.026" classname="com.Vtiger.timeepass"/>
  <system-out/>
</testsuite> <!-- com.Vtiger.timeepass -->
